{"D:\\前端开发\\code_test\\learn-nodejs\\mocha-test\\src\\math.js":{"path":"D:\\前端开发\\code_test\\learn-nodejs\\mocha-test\\src\\math.js","s":{"1":1,"2":0,"3":1,"4":0,"5":0},"b":{},"f":{"1":0},"fnMap":{"1":{"name":"min","line":2,"loc":{"start":{"line":2,"column":0},"end":{"line":2,"column":19}}}},"statementMap":{"1":{"start":{"line":2,"column":0},"end":{"line":4,"column":1}},"2":{"start":{"line":3,"column":2},"end":{"line":3,"column":14}},"3":{"start":{"line":6,"column":0},"end":{"line":13,"column":1}},"4":{"start":{"line":8,"column":4},"end":{"line":8,"column":16}},"5":{"start":{"line":11,"column":4},"end":{"line":11,"column":16}}},"branchMap":{}}}